# JRE version: OpenJDK Runtime Environment (8.0_212-b04) (build 1.8.0_212-release-1586-b04)
# Java VM: OpenJDK 64-Bit Server VM (25.212-b04 mixed mode windows-amd64 compressed oops)
Heap:
 PSYoungGen      total 137216K, used 113435K [0x00000000e0000000, 0x00000000eeb80000, 0x0000000100000000)
  eden space 126464K, 89% used [0x00000000e0000000,0x00000000e6ec6d98,0x00000000e7b80000)
  from space 10752K, 0% used [0x00000000e7b80000,0x00000000e7b80000,0x00000000e8600000)
  to   space 15360K, 0% used [0x00000000edc80000,0x00000000edc80000,0x00000000eeb80000)
 ParOldGen       total 140288K, used 21396K [0x00000000a0000000, 0x00000000a8900000, 0x00000000e0000000)
  object space 140288K, 15% used [0x00000000a0000000,0x00000000a14e50a8,0x00000000a8900000)
 Metaspace       used 41587K, capacity 42528K, committed 42624K, reserved 1085440K
  class space    used 5656K, capacity 5948K, committed 6016K, reserved 1048576K
GC Heap History (10 events):
Event: 7.988 GC heap before
{Heap before GC invocations=3 (full 0):
 PSYoungGen      total 75776K, used 37500K [0x00000000e0000000, 0x00000000e9400000, 0x0000000100000000)
  eden space 65024K, 41% used [0x00000000e0000000,0x00000000e1a269d8,0x00000000e3f80000)
  from space 10752K, 99% used [0x00000000e4a00000,0x00000000e54789d8,0x00000000e5480000)
  to   space 10752K, 0% used [0x00000000e3f80000,0x00000000e3f80000,0x00000000e4a00000)
 ParOldGen       total 173568K, used 44K [0x00000000a0000000, 0x00000000aa980000, 0x00000000e0000000)
  object space 173568K, 0% used [0x00000000a0000000,0x00000000a000b110,0x00000000aa980000)
 Metaspace       used 20741K, capacity 21140K, committed 21248K, reserved 1067008K
  class space    used 2882K, capacity 3015K, committed 3072K, reserved 1048576K
Event: 7.998 GC heap after
Heap after GC invocations=3 (full 0):
 PSYoungGen      total 75776K, used 9177K [0x00000000e0000000, 0x00000000e9400000, 0x0000000100000000)
  eden space 65024K, 0% used [0x00000000e0000000,0x00000000e0000000,0x00000000e3f80000)
  from space 10752K, 85% used [0x00000000e3f80000,0x00000000e4876600,0x00000000e4a00000)
  to   space 10752K, 0% used [0x00000000e8980000,0x00000000e8980000,0x00000000e9400000)
 ParOldGen       total 173568K, used 52K [0x00000000a0000000, 0x00000000aa980000, 0x00000000e0000000)
  object space 173568K, 0% used [0x00000000a0000000,0x00000000a000d110,0x00000000aa980000)
 Metaspace       used 20741K, capacity 21140K, committed 21248K, reserved 1067008K
  class space    used 2882K, capacity 3015K, committed 3072K, reserved 1048576K
}
Event: 7.998 GC heap before
{Heap before GC invocations=4 (full 1):
 PSYoungGen      total 75776K, used 9177K [0x00000000e0000000, 0x00000000e9400000, 0x0000000100000000)
  eden space 65024K, 0% used [0x00000000e0000000,0x00000000e0000000,0x00000000e3f80000)
  from space 10752K, 85% used [0x00000000e3f80000,0x00000000e4876600,0x00000000e4a00000)
  to   space 10752K, 0% used [0x00000000e8980000,0x00000000e8980000,0x00000000e9400000)
 ParOldGen       total 173568K, used 52K [0x00000000a0000000, 0x00000000aa980000, 0x00000000e0000000)
  object space 173568K, 0% used [0x00000000a0000000,0x00000000a000d110,0x00000000aa980000)
 Metaspace       used 20741K, capacity 21140K, committed 21248K, reserved 1067008K
  class space    used 2882K, capacity 3015K, committed 3072K, reserved 1048576K
Event: 8.032 GC heap after
Heap after GC invocations=4 (full 1):
 PSYoungGen      total 75776K, used 0K [0x00000000e0000000, 0x00000000e9400000, 0x0000000100000000)
  eden space 65024K, 0% used [0x00000000e0000000,0x00000000e0000000,0x00000000e3f80000)
  from space 10752K, 0% used [0x00000000e3f80000,0x00000000e3f80000,0x00000000e4a00000)
  to   space 10752K, 0% used [0x00000000e8980000,0x00000000e8980000,0x00000000e9400000)
 ParOldGen       total 87040K, used 9036K [0x00000000a0000000, 0x00000000a5500000, 0x00000000e0000000)
  object space 87040K, 10% used [0x00000000a0000000,0x00000000a08d32a0,0x00000000a5500000)
 Metaspace       used 20741K, capacity 21140K, committed 21248K, reserved 1067008K
  class space    used 2882K, capacity 3015K, committed 3072K, reserved 1048576K
}
Event: 8.710 GC heap before
{Heap before GC invocations=5 (full 1):
 PSYoungGen      total 75776K, used 65024K [0x00000000e0000000, 0x00000000e9400000, 0x0000000100000000)
  eden space 65024K, 100% used [0x00000000e0000000,0x00000000e3f80000,0x00000000e3f80000)
  from space 10752K, 0% used [0x00000000e3f80000,0x00000000e3f80000,0x00000000e4a00000)
  to   space 10752K, 0% used [0x00000000e8980000,0x00000000e8980000,0x00000000e9400000)
 ParOldGen       total 87040K, used 9036K [0x00000000a0000000, 0x00000000a5500000, 0x00000000e0000000)
  object space 87040K, 10% used [0x00000000a0000000,0x00000000a08d32a0,0x00000000a5500000)
 Metaspace       used 26155K, capacity 26666K, committed 26880K, reserved 1073152K
  class space    used 3620K, capacity 3766K, committed 3840K, reserved 1048576K
Event: 8.720 GC heap after
Heap after GC invocations=5 (full 1):
 PSYoungGen      total 124928K, used 6680K [0x00000000e0000000, 0x00000000e9080000, 0x0000000100000000)
  eden space 117760K, 0% used [0x00000000e0000000,0x00000000e0000000,0x00000000e7300000)
  from space 7168K, 93% used [0x00000000e8980000,0x00000000e90063d8,0x00000000e9080000)
  to   space 10752K, 0% used [0x00000000e7b80000,0x00000000e7b80000,0x00000000e8600000)
 ParOldGen       total 87040K, used 9036K [0x00000000a0000000, 0x00000000a5500000, 0x00000000e0000000)
  object space 87040K, 10% used [0x00000000a0000000,0x00000000a08d32a0,0x00000000a5500000)
 Metaspace       used 26155K, capacity 26666K, committed 26880K, reserved 1073152K
  class space    used 3620K, capacity 3766K, committed 3840K, reserved 1048576K
}
Event: 10.272 GC heap before
{Heap before GC invocations=6 (full 1):
 PSYoungGen      total 124928K, used 112291K [0x00000000e0000000, 0x00000000e9080000, 0x0000000100000000)
  eden space 117760K, 89% used [0x00000000e0000000,0x00000000e6722bf8,0x00000000e7300000)
  from space 7168K, 93% used [0x00000000e8980000,0x00000000e90063d8,0x00000000e9080000)
  to   space 10752K, 0% used [0x00000000e7b80000,0x00000000e7b80000,0x00000000e8600000)
 ParOldGen       total 87040K, used 9036K [0x00000000a0000000, 0x00000000a5500000, 0x00000000e0000000)
  object space 87040K, 10% used [0x00000000a0000000,0x00000000a08d32a0,0x00000000a5500000)
 Metaspace       used 34534K, capacity 35274K, committed 35416K, reserved 1079296K
  class space    used 4789K, capacity 5012K, committed 5120K, reserved 1048576K
Event: 10.288 GC heap after
Heap after GC invocations=6 (full 1):
 PSYoungGen      total 137216K, used 10746K [0x00000000e0000000, 0x00000000eeb80000, 0x0000000100000000)
  eden space 126464K, 0% used [0x00000000e0000000,0x00000000e0000000,0x00000000e7b80000)
  from space 10752K, 99% used [0x00000000e7b80000,0x00000000e85fe9b8,0x00000000e8600000)
  to   space 15360K, 0% used [0x00000000edc80000,0x00000000edc80000,0x00000000eeb80000)
 ParOldGen       total 87040K, used 13098K [0x00000000a0000000, 0x00000000a5500000, 0x00000000e0000000)
  object space 87040K, 15% used [0x00000000a0000000,0x00000000a0cca990,0x00000000a5500000)
 Metaspace       used 34534K, capacity 35274K, committed 35416K, reserved 1079296K
  class space    used 4789K, capacity 5012K, committed 5120K, reserved 1048576K
}
Event: 10.288 GC heap before
{Heap before GC invocations=7 (full 2):
 PSYoungGen      total 137216K, used 10746K [0x00000000e0000000, 0x00000000eeb80000, 0x0000000100000000)
  eden space 126464K, 0% used [0x00000000e0000000,0x00000000e0000000,0x00000000e7b80000)
  from space 10752K, 99% used [0x00000000e7b80000,0x00000000e85fe9b8,0x00000000e8600000)
  to   space 15360K, 0% used [0x00000000edc80000,0x00000000edc80000,0x00000000eeb80000)
 ParOldGen       total 87040K, used 13098K [0x00000000a0000000, 0x00000000a5500000, 0x00000000e0000000)
  object space 87040K, 15% used [0x00000000a0000000,0x00000000a0cca990,0x00000000a5500000)
 Metaspace       used 34534K, capacity 35274K, committed 35416K, reserved 1079296K
  class space    used 4789K, capacity 5012K, committed 5120K, reserved 1048576K
Event: 10.345 GC heap after
Heap after GC invocations=7 (full 2):
 PSYoungGen      total 137216K, used 0K [0x00000000e0000000, 0x00000000eeb80000, 0x0000000100000000)
  eden space 126464K, 0% used [0x00000000e0000000,0x00000000e0000000,0x00000000e7b80000)
  from space 10752K, 0% used [0x00000000e7b80000,0x00000000e7b80000,0x00000000e8600000)
  to   space 15360K, 0% used [0x00000000edc80000,0x00000000edc80000,0x00000000eeb80000)
 ParOldGen       total 140288K, used 21396K [0x00000000a0000000, 0x00000000a8900000, 0x00000000e0000000)
  object space 140288K, 15% used [0x00000000a0000000,0x00000000a14e50a8,0x00000000a8900000)
 Metaspace       used 34534K, capacity 35274K, committed 35416K, reserved 1079296K
  class space    used 4789K, capacity 5012K, committed 5120K, reserved 1048576K
}

