# JRE version: OpenJDK Runtime Environment (8.0_212-b04) (build 1.8.0_212-release-1586-b04)
# Java VM: OpenJDK 64-Bit Server VM (25.212-b04 mixed mode windows-amd64 compressed oops)
Heap:
 PSYoungGen      total 205824K, used 56403K [0x00000000e0000000, 0x00000000edd00000, 0x0000000100000000)
  eden space 190464K, 21% used [0x00000000e0000000,0x00000000e28150a8,0x00000000eba00000)
  from space 15360K, 99% used [0x00000000ecd80000,0x00000000edc7fbe8,0x00000000edc80000)
  to   space 17920K, 0% used [0x00000000eba00000,0x00000000eba00000,0x00000000ecb80000)
 ParOldGen       total 129024K, used 20232K [0x00000000a0000000, 0x00000000a7e00000, 0x00000000e0000000)
  object space 129024K, 15% used [0x00000000a0000000,0x00000000a13c2030,0x00000000a7e00000)
 Metaspace       used 53941K, capacity 55350K, committed 55512K, reserved 1097728K
  class space    used 7188K, capacity 7553K, committed 7680K, reserved 1048576K
GC Heap History (10 events):
Event: 16.961 GC heap before
{Heap before GC invocations=6 (full 1):
 PSYoungGen      total 75776K, used 71730K [0x00000000e0000000, 0x00000000e8d00000, 0x0000000100000000)
  eden space 65024K, 100% used [0x00000000e0000000,0x00000000e3f80000,0x00000000e3f80000)
  from space 10752K, 62% used [0x00000000e4a00000,0x00000000e508c8a8,0x00000000e5480000)
  to   space 10752K, 0% used [0x00000000e3f80000,0x00000000e3f80000,0x00000000e4a00000)
 ParOldGen       total 88576K, used 9178K [0x00000000a0000000, 0x00000000a5680000, 0x00000000e0000000)
  object space 88576K, 10% used [0x00000000a0000000,0x00000000a08f69d8,0x00000000a5680000)
 Metaspace       used 32120K, capacity 32762K, committed 33024K, reserved 1077248K
  class space    used 4356K, capacity 4549K, committed 4608K, reserved 1048576K
Event: 16.969 GC heap after
Heap after GC invocations=6 (full 1):
 PSYoungGen      total 75776K, used 10722K [0x00000000e0000000, 0x00000000e9000000, 0x0000000100000000)
  eden space 65024K, 0% used [0x00000000e0000000,0x00000000e0000000,0x00000000e3f80000)
  from space 10752K, 99% used [0x00000000e3f80000,0x00000000e49f8b78,0x00000000e4a00000)
  to   space 12800K, 0% used [0x00000000e8380000,0x00000000e8380000,0x00000000e9000000)
 ParOldGen       total 88576K, used 9770K [0x00000000a0000000, 0x00000000a5680000, 0x00000000e0000000)
  object space 88576K, 11% used [0x00000000a0000000,0x00000000a098a8f8,0x00000000a5680000)
 Metaspace       used 32120K, capacity 32762K, committed 33024K, reserved 1077248K
  class space    used 4356K, capacity 4549K, committed 4608K, reserved 1048576K
}
Event: 18.046 GC heap before
{Heap before GC invocations=7 (full 1):
 PSYoungGen      total 75776K, used 63970K [0x00000000e0000000, 0x00000000e9000000, 0x0000000100000000)
  eden space 65024K, 81% used [0x00000000e0000000,0x00000000e33ffdc8,0x00000000e3f80000)
  from space 10752K, 99% used [0x00000000e3f80000,0x00000000e49f8b78,0x00000000e4a00000)
  to   space 12800K, 0% used [0x00000000e8380000,0x00000000e8380000,0x00000000e9000000)
 ParOldGen       total 88576K, used 9770K [0x00000000a0000000, 0x00000000a5680000, 0x00000000e0000000)
  object space 88576K, 11% used [0x00000000a0000000,0x00000000a098a8f8,0x00000000a5680000)
 Metaspace       used 34518K, capacity 35320K, committed 35416K, reserved 1079296K
  class space    used 4692K, capacity 4957K, committed 4992K, reserved 1048576K
Event: 18.057 GC heap after
Heap after GC invocations=7 (full 1):
 PSYoungGen      total 133632K, used 11749K [0x00000000e0000000, 0x00000000e9180000, 0x0000000100000000)
  eden space 120832K, 0% used [0x00000000e0000000,0x00000000e0000000,0x00000000e7600000)
  from space 12800K, 91% used [0x00000000e8380000,0x00000000e8ef97d0,0x00000000e9000000)
  to   space 13824K, 0% used [0x00000000e7600000,0x00000000e7600000,0x00000000e8380000)
 ParOldGen       total 88576K, used 9778K [0x00000000a0000000, 0x00000000a5680000, 0x00000000e0000000)
  object space 88576K, 11% used [0x00000000a0000000,0x00000000a098c8f8,0x00000000a5680000)
 Metaspace       used 34518K, capacity 35320K, committed 35416K, reserved 1079296K
  class space    used 4692K, capacity 4957K, committed 4992K, reserved 1048576K
}
Event: 18.058 GC heap before
{Heap before GC invocations=8 (full 2):
 PSYoungGen      total 133632K, used 11749K [0x00000000e0000000, 0x00000000e9180000, 0x0000000100000000)
  eden space 120832K, 0% used [0x00000000e0000000,0x00000000e0000000,0x00000000e7600000)
  from space 12800K, 91% used [0x00000000e8380000,0x00000000e8ef97d0,0x00000000e9000000)
  to   space 13824K, 0% used [0x00000000e7600000,0x00000000e7600000,0x00000000e8380000)
 ParOldGen       total 88576K, used 9778K [0x00000000a0000000, 0x00000000a5680000, 0x00000000e0000000)
  object space 88576K, 11% used [0x00000000a0000000,0x00000000a098c8f8,0x00000000a5680000)
 Metaspace       used 34518K, capacity 35320K, committed 35416K, reserved 1079296K
  class space    used 4692K, capacity 4957K, committed 4992K, reserved 1048576K
Event: 18.111 GC heap after
Heap after GC invocations=8 (full 2):
 PSYoungGen      total 133632K, used 0K [0x00000000e0000000, 0x00000000e9180000, 0x0000000100000000)
  eden space 120832K, 0% used [0x00000000e0000000,0x00000000e0000000,0x00000000e7600000)
  from space 12800K, 0% used [0x00000000e8380000,0x00000000e8380000,0x00000000e9000000)
  to   space 13824K, 0% used [0x00000000e7600000,0x00000000e7600000,0x00000000e8380000)
 ParOldGen       total 129024K, used 18434K [0x00000000a0000000, 0x00000000a7e00000, 0x00000000e0000000)
  object space 129024K, 14% used [0x00000000a0000000,0x00000000a1200ae8,0x00000000a7e00000)
 Metaspace       used 34443K, capacity 35158K, committed 35416K, reserved 1079296K
  class space    used 4668K, capacity 4903K, committed 4992K, reserved 1048576K
}
Event: 20.118 GC heap before
{Heap before GC invocations=9 (full 2):
 PSYoungGen      total 133632K, used 120832K [0x00000000e0000000, 0x00000000e9180000, 0x0000000100000000)
  eden space 120832K, 100% used [0x00000000e0000000,0x00000000e7600000,0x00000000e7600000)
  from space 12800K, 0% used [0x00000000e8380000,0x00000000e8380000,0x00000000e9000000)
  to   space 13824K, 0% used [0x00000000e7600000,0x00000000e7600000,0x00000000e8380000)
 ParOldGen       total 129024K, used 18434K [0x00000000a0000000, 0x00000000a7e00000, 0x00000000e0000000)
  object space 129024K, 14% used [0x00000000a0000000,0x00000000a1200ae8,0x00000000a7e00000)
 Metaspace       used 44465K, capacity 45472K, committed 45656K, reserved 1089536K
  class space    used 5931K, capacity 6244K, committed 6272K, reserved 1048576K
Event: 20.145 GC heap after
Heap after GC invocations=9 (full 2):
 PSYoungGen      total 134656K, used 13811K [0x00000000e0000000, 0x00000000edc80000, 0x0000000100000000)
  eden space 120832K, 0% used [0x00000000e0000000,0x00000000e0000000,0x00000000e7600000)
  from space 13824K, 99% used [0x00000000e7600000,0x00000000e837cea0,0x00000000e8380000)
  to   space 15360K, 0% used [0x00000000ecd80000,0x00000000ecd80000,0x00000000edc80000)
 ParOldGen       total 129024K, used 18785K [0x00000000a0000000, 0x00000000a7e00000, 0x00000000e0000000)
  object space 129024K, 14% used [0x00000000a0000000,0x00000000a1258458,0x00000000a7e00000)
 Metaspace       used 44465K, capacity 45472K, committed 45656K, reserved 1089536K
  class space    used 5931K, capacity 6244K, committed 6272K, reserved 1048576K
}
Event: 22.113 GC heap before
{Heap before GC invocations=10 (full 2):
 PSYoungGen      total 134656K, used 134643K [0x00000000e0000000, 0x00000000edc80000, 0x0000000100000000)
  eden space 120832K, 100% used [0x00000000e0000000,0x00000000e7600000,0x00000000e7600000)
  from space 13824K, 99% used [0x00000000e7600000,0x00000000e837cea0,0x00000000e8380000)
  to   space 15360K, 0% used [0x00000000ecd80000,0x00000000ecd80000,0x00000000edc80000)
 ParOldGen       total 129024K, used 18785K [0x00000000a0000000, 0x00000000a7e00000, 0x00000000e0000000)
  object space 129024K, 14% used [0x00000000a0000000,0x00000000a1258458,0x00000000a7e00000)
 Metaspace       used 50862K, capacity 52006K, committed 52184K, reserved 1093632K
  class space    used 6742K, capacity 7055K, committed 7168K, reserved 1048576K
Event: 22.125 GC heap after
Heap after GC invocations=10 (full 2):
 PSYoungGen      total 205824K, used 15358K [0x00000000e0000000, 0x00000000edd00000, 0x0000000100000000)
  eden space 190464K, 0% used [0x00000000e0000000,0x00000000e0000000,0x00000000eba00000)
  from space 15360K, 99% used [0x00000000ecd80000,0x00000000edc7fbe8,0x00000000edc80000)
  to   space 17920K, 0% used [0x00000000eba00000,0x00000000eba00000,0x00000000ecb80000)
 ParOldGen       total 129024K, used 20232K [0x00000000a0000000, 0x00000000a7e00000, 0x00000000e0000000)
  object space 129024K, 15% used [0x00000000a0000000,0x00000000a13c2030,0x00000000a7e00000)
 Metaspace       used 50862K, capacity 52006K, committed 52184K, reserved 1093632K
  class space    used 6742K, capacity 7055K, committed 7168K, reserved 1048576K
}

